<?xml version="1.0" encoding="UTF-8"?>
<testsuite name="ru.javabegin.micro.demo.eurekaserver.EurekaServerApplicationTests" tests="1" skipped="0" failures="0" errors="0" timestamp="2024-12-12T12:43:17" hostname="WIN-71OLQIBJO8F" time="0.927">
  <properties/>
  <testcase name="contextLoads()" classname="ru.javabegin.micro.demo.eurekaserver.EurekaServerApplicationTests" time="0.927"/>
  <system-out><![CDATA[15:43:04.118 [Test worker] DEBUG org.springframework.test.context.BootstrapUtils - Instantiating CacheAwareContextLoaderDelegate from class [org.springframework.test.context.cache.DefaultCacheAwareContextLoaderDelegate]
15:43:04.150 [Test worker] DEBUG org.springframework.test.context.BootstrapUtils - Instantiating BootstrapContext using constructor [public org.springframework.test.context.support.DefaultBootstrapContext(java.lang.Class,org.springframework.test.context.CacheAwareContextLoaderDelegate)]
15:43:04.213 [Test worker] DEBUG org.springframework.test.context.BootstrapUtils - Instantiating TestContextBootstrapper for test class [ru.javabegin.micro.demo.eurekaserver.EurekaServerApplicationTests] from class [org.springframework.boot.test.context.SpringBootTestContextBootstrapper]
15:43:04.229 [Test worker] INFO org.springframework.boot.test.context.SpringBootTestContextBootstrapper - Neither @ContextConfiguration nor @ContextHierarchy found for test class [ru.javabegin.micro.demo.eurekaserver.EurekaServerApplicationTests], using SpringBootContextLoader
15:43:04.244 [Test worker] DEBUG org.springframework.test.context.support.AbstractContextLoader - Did not detect default resource location for test class [ru.javabegin.micro.demo.eurekaserver.EurekaServerApplicationTests]: class path resource [ru/javabegin/micro/demo/eurekaserver/EurekaServerApplicationTests-context.xml] does not exist
15:43:04.244 [Test worker] DEBUG org.springframework.test.context.support.AbstractContextLoader - Did not detect default resource location for test class [ru.javabegin.micro.demo.eurekaserver.EurekaServerApplicationTests]: class path resource [ru/javabegin/micro/demo/eurekaserver/EurekaServerApplicationTestsContext.groovy] does not exist
15:43:04.244 [Test worker] INFO org.springframework.test.context.support.AbstractContextLoader - Could not detect default resource locations for test class [ru.javabegin.micro.demo.eurekaserver.EurekaServerApplicationTests]: no resource found for suffixes {-context.xml, Context.groovy}.
15:43:04.244 [Test worker] INFO org.springframework.test.context.support.AnnotationConfigContextLoaderUtils - Could not detect default configuration classes for test class [ru.javabegin.micro.demo.eurekaserver.EurekaServerApplicationTests]: EurekaServerApplicationTests does not declare any static, non-private, non-final, nested classes annotated with @Configuration.
15:43:04.364 [Test worker] DEBUG org.springframework.test.context.support.ActiveProfilesUtils - Could not find an 'annotation declaring class' for annotation type [org.springframework.test.context.ActiveProfiles] and class [ru.javabegin.micro.demo.eurekaserver.EurekaServerApplicationTests]
15:43:04.561 [Test worker] DEBUG org.springframework.context.annotation.ClassPathScanningCandidateComponentProvider - Identified candidate component class: file [C:\Users\user\IdeaProjects\spring-micro-demo\eureka-server\build\classes\java\main\ru\javabegin\micro\demo\eurekaserver\EurekaServerApplication.class]
15:43:04.561 [Test worker] INFO org.springframework.boot.test.context.SpringBootTestContextBootstrapper - Found @SpringBootConfiguration ru.javabegin.micro.demo.eurekaserver.EurekaServerApplication for test class ru.javabegin.micro.demo.eurekaserver.EurekaServerApplicationTests
15:43:04.942 [Test worker] DEBUG org.springframework.boot.test.context.SpringBootTestContextBootstrapper - @TestExecutionListeners is not present for class [ru.javabegin.micro.demo.eurekaserver.EurekaServerApplicationTests]: using defaults.
15:43:04.942 [Test worker] INFO org.springframework.boot.test.context.SpringBootTestContextBootstrapper - Loaded default TestExecutionListener class names from location [META-INF/spring.factories]: [org.springframework.boot.test.autoconfigure.restdocs.RestDocsTestExecutionListener, org.springframework.boot.test.autoconfigure.web.client.MockRestServiceServerResetTestExecutionListener, org.springframework.boot.test.autoconfigure.web.servlet.MockMvcPrintOnlyOnFailureTestExecutionListener, org.springframework.boot.test.autoconfigure.web.servlet.WebDriverTestExecutionListener, org.springframework.boot.test.autoconfigure.webservices.client.MockWebServiceServerTestExecutionListener, org.springframework.boot.test.mock.mockito.MockitoTestExecutionListener, org.springframework.boot.test.mock.mockito.ResetMocksTestExecutionListener, org.springframework.test.context.web.ServletTestExecutionListener, org.springframework.test.context.support.DirtiesContextBeforeModesTestExecutionListener, org.springframework.test.context.event.ApplicationEventsTestExecutionListener, org.springframework.test.context.support.DependencyInjectionTestExecutionListener, org.springframework.test.context.support.DirtiesContextTestExecutionListener, org.springframework.test.context.transaction.TransactionalTestExecutionListener, org.springframework.test.context.jdbc.SqlScriptsTestExecutionListener, org.springframework.test.context.event.EventPublishingTestExecutionListener]
15:43:04.971 [Test worker] DEBUG org.springframework.boot.test.context.SpringBootTestContextBootstrapper - Skipping candidate TestExecutionListener [org.springframework.test.context.transaction.TransactionalTestExecutionListener] due to a missing dependency. Specify custom listener classes or make the default listener classes and their required dependencies available. Offending class: [org/springframework/transaction/interceptor/TransactionAttributeSource]
15:43:04.971 [Test worker] DEBUG org.springframework.boot.test.context.SpringBootTestContextBootstrapper - Skipping candidate TestExecutionListener [org.springframework.test.context.jdbc.SqlScriptsTestExecutionListener] due to a missing dependency. Specify custom listener classes or make the default listener classes and their required dependencies available. Offending class: [org/springframework/transaction/interceptor/TransactionAttribute]
15:43:04.971 [Test worker] INFO org.springframework.boot.test.context.SpringBootTestContextBootstrapper - Using TestExecutionListeners: [org.springframework.test.context.web.ServletTestExecutionListener@35d6ca49, org.springframework.test.context.support.DirtiesContextBeforeModesTestExecutionListener@1950e8a6, org.springframework.test.context.event.ApplicationEventsTestExecutionListener@47289387, org.springframework.boot.test.mock.mockito.MockitoTestExecutionListener@12cd9150, org.springframework.boot.test.autoconfigure.SpringBootDependencyInjectionTestExecutionListener@114a85c2, org.springframework.test.context.support.DirtiesContextTestExecutionListener@f415a95, org.springframework.test.context.event.EventPublishingTestExecutionListener@cf65451, org.springframework.boot.test.autoconfigure.restdocs.RestDocsTestExecutionListener@724f138e, org.springframework.boot.test.autoconfigure.web.client.MockRestServiceServerResetTestExecutionListener@37eeec90, org.springframework.boot.test.autoconfigure.web.servlet.MockMvcPrintOnlyOnFailureTestExecutionListener@32fe9d0a, org.springframework.boot.test.autoconfigure.web.servlet.WebDriverTestExecutionListener@c9413d8, org.springframework.boot.test.autoconfigure.webservices.client.MockWebServiceServerTestExecutionListener@64da2a7, org.springframework.boot.test.mock.mockito.ResetMocksTestExecutionListener@46074492]
15:43:04.994 [Test worker] DEBUG org.springframework.test.context.support.AbstractDirtiesContextTestExecutionListener - Before test class: context [DefaultTestContext@1133ec6e testClass = EurekaServerApplicationTests, testInstance = [null], testMethod = [null], testException = [null], mergedContextConfiguration = [WebMergedContextConfiguration@355e34c7 testClass = EurekaServerApplicationTests, locations = '{}', classes = '{class ru.javabegin.micro.demo.eurekaserver.EurekaServerApplication}', contextInitializerClasses = '[]', activeProfiles = '{}', propertySourceLocations = '{}', propertySourceProperties = '{org.springframework.boot.test.context.SpringBootTestContextBootstrapper=true}', contextCustomizers = set[org.springframework.boot.test.autoconfigure.actuate.metrics.MetricsExportContextCustomizerFactory$DisableMetricExportContextCustomizer@12c7a01b, org.springframework.boot.test.autoconfigure.properties.PropertyMappingContextCustomizer@0, org.springframework.boot.test.autoconfigure.web.servlet.WebDriverContextCustomizerFactory$Customizer@71454b9d, org.springframework.boot.test.context.filter.ExcludeFilterContextCustomizer@66565121, org.springframework.boot.test.json.DuplicateJsonObjectContextCustomizerFactory$DuplicateJsonObjectContextCustomizer@2d6764b2, org.springframework.boot.test.mock.mockito.MockitoContextCustomizer@0, org.springframework.boot.test.web.client.TestRestTemplateContextCustomizer@6b8d96d9, org.springframework.boot.test.context.SpringBootTestArgs@1, org.springframework.boot.test.context.SpringBootTestWebEnvironment@47e2e487], resourceBasePath = 'src/main/webapp', contextLoader = 'org.springframework.boot.test.context.SpringBootContextLoader', parent = [null]], attributes = map['org.springframework.test.context.web.ServletTestExecutionListener.activateListener' -> true]], class annotated with @DirtiesContext [false] with mode [null].

  .   ____          _            __ _ _
 /\\ / ___'_ __ _ _(_)_ __  __ _ \ \ \ \
( ( )\___ | '_ | '_| | '_ \/ _` | \ \ \ \
 \\/  ___)| |_)| | | | | || (_| |  ) ) ) )
  '  |____| .__|_| |_|_| |_\__, | / / / /
 =========|_|==============|___/=/_/_/_/
 :: Spring Boot ::                (v2.7.3)

2024-12-12 15:43:07.067  INFO 8336 --- [    Test worker] r.j.m.d.e.EurekaServerApplicationTests   : Starting EurekaServerApplicationTests using Java 17.0.13 on WIN-71OLQIBJO8F with PID 8336 (started by user in C:\Users\user\IdeaProjects\spring-micro-demo\eureka-server)
2024-12-12 15:43:07.067  INFO 8336 --- [    Test worker] r.j.m.d.e.EurekaServerApplicationTests   : No active profile set, falling back to 1 default profile: "default"
2024-12-12 15:43:09.395  INFO 8336 --- [    Test worker] o.s.cloud.context.scope.GenericScope     : BeanFactory id=abbe6c4d-67b3-3f73-a836-bf8224ff1707
2024-12-12 15:43:13.510  INFO 8336 --- [    Test worker] o.s.cloud.commons.util.InetUtils         : Cannot determine local hostname
2024-12-12 15:43:15.880  INFO 8336 --- [    Test worker] o.s.cloud.commons.util.InetUtils         : Cannot determine local hostname
2024-12-12 15:43:15.946  INFO 8336 --- [    Test worker] DiscoveryClientOptionalArgsConfiguration : Eureka HTTP Client uses Jersey
2024-12-12 15:43:16.257  WARN 8336 --- [    Test worker] iguration$LoadBalancerCaffeineWarnLogger : Spring Cloud LoadBalancer is currently working with the default cache. While this cache implementation is useful for development and tests, it's recommended to use Caffeine cache in production.You can switch to using Caffeine cache, by adding it and org.springframework.cache.caffeine.CaffeineCacheManager to the classpath.
2024-12-12 15:43:16.815  INFO 8336 --- [    Test worker] o.s.c.n.eureka.InstanceInfoFactory       : Setting initial instance status as: STARTING
2024-12-12 15:43:16.878  INFO 8336 --- [    Test worker] com.netflix.discovery.DiscoveryClient    : Initializing Eureka in region us-east-1
2024-12-12 15:43:16.878  INFO 8336 --- [    Test worker] com.netflix.discovery.DiscoveryClient    : Client configured to neither register nor query for data.
2024-12-12 15:43:16.895  INFO 8336 --- [    Test worker] com.netflix.discovery.DiscoveryClient    : Discovery Client initialized at timestamp 1734007396895 with initial instances count: 0
2024-12-12 15:43:17.035  INFO 8336 --- [    Test worker] c.n.eureka.DefaultEurekaServerContext    : Initializing ...
2024-12-12 15:43:17.035  WARN 8336 --- [    Test worker] c.n.eureka.cluster.PeerEurekaNodes       : The replica size seems to be empty. Check the route 53 DNS Registry
2024-12-12 15:43:17.172  INFO 8336 --- [    Test worker] c.n.e.registry.AbstractInstanceRegistry  : Finished initializing remote region registries. All known remote regions: []
2024-12-12 15:43:17.176  INFO 8336 --- [    Test worker] c.n.eureka.DefaultEurekaServerContext    : Initialized
2024-12-12 15:43:17.527  INFO 8336 --- [    Test worker] o.s.b.a.e.web.EndpointLinksResolver      : Exposing 1 endpoint(s) beneath base path '/actuator'
2024-12-12 15:43:17.657  INFO 8336 --- [    Test worker] o.s.c.n.e.s.EurekaServiceRegistry        : Registering application EUREKA-SERVER with eureka with status UP
2024-12-12 15:43:17.687  INFO 8336 --- [      Thread-12] o.s.c.n.e.server.EurekaServerBootstrap   : isAws returned false
2024-12-12 15:43:17.688  INFO 8336 --- [      Thread-12] o.s.c.n.e.server.EurekaServerBootstrap   : Initialized server context
2024-12-12 15:43:17.689  INFO 8336 --- [      Thread-12] c.n.e.r.PeerAwareInstanceRegistryImpl    : Got 1 instances from neighboring DS node
2024-12-12 15:43:17.690  INFO 8336 --- [      Thread-12] c.n.e.r.PeerAwareInstanceRegistryImpl    : Renew threshold is: 1
2024-12-12 15:43:17.690  INFO 8336 --- [      Thread-12] c.n.e.r.PeerAwareInstanceRegistryImpl    : Changing status to UP
2024-12-12 15:43:17.715  INFO 8336 --- [    Test worker] r.j.m.d.e.EurekaServerApplicationTests   : Started EurekaServerApplicationTests in 12.623 seconds (JVM running for 15.169)
2024-12-12 15:43:17.742  INFO 8336 --- [      Thread-12] e.s.EurekaServerInitializerConfiguration : Started Eureka Server
]]></system-out>
  <system-err><![CDATA[]]></system-err>
</testsuite>
